<?xml version="1.0" encoding="UTF-8"?>
<coverage generated="1523234945">
  <project timestamp="1523234945">
    <file name="C:\xampp\htdocs\COMP4711-assignment-1\HaloAccessories\application\models/App.php">
      <class name="App" namespace="global">
        <metrics complexity="16" methods="6" coveredmethods="0" conditionals="0" coveredconditionals="0" statements="17" coveredstatements="0" elements="23" coveredelements="0"/>
      </class>
      <line num="38" type="method" name="__construct" visibility="public" complexity="1" crap="2" count="0"/>
      <line num="40" type="stmt" count="0"/>
      <line num="41" type="stmt" count="0"/>
      <line num="43" type="method" name="flag" visibility="public" complexity="3" crap="12" count="0"/>
      <line num="44" type="stmt" count="0"/>
      <line num="45" type="stmt" count="0"/>
      <line num="46" type="stmt" count="0"/>
      <line num="49" type="method" name="group" visibility="public" complexity="3" crap="12" count="0"/>
      <line num="50" type="stmt" count="0"/>
      <line num="51" type="stmt" count="0"/>
      <line num="52" type="stmt" count="0"/>
      <line num="55" type="method" name="priority" visibility="public" complexity="3" crap="12" count="0"/>
      <line num="56" type="stmt" count="0"/>
      <line num="57" type="stmt" count="0"/>
      <line num="58" type="stmt" count="0"/>
      <line num="61" type="method" name="size" visibility="public" complexity="3" crap="12" count="0"/>
      <line num="62" type="stmt" count="0"/>
      <line num="63" type="stmt" count="0"/>
      <line num="64" type="stmt" count="0"/>
      <line num="67" type="method" name="status" visibility="public" complexity="3" crap="12" count="0"/>
      <line num="68" type="stmt" count="0"/>
      <line num="69" type="stmt" count="0"/>
      <line num="70" type="stmt" count="0"/>
      <metrics loc="73" ncloc="60" classes="1" methods="6" coveredmethods="0" conditionals="0" coveredconditionals="0" statements="17" coveredstatements="0" elements="23" coveredelements="0"/>
    </file>
    <file name="C:\xampp\htdocs\COMP4711-assignment-1\HaloAccessories\application\models/Categories.php">
      <class name="Categories" namespace="global">
        <metrics complexity="1" methods="1" coveredmethods="0" conditionals="0" coveredconditionals="0" statements="2" coveredstatements="0" elements="3" coveredelements="0"/>
      </class>
      <line num="15" type="method" name="__construct" complexity="1" crap="2" count="0"/>
      <line num="17" type="stmt" count="0"/>
      <line num="18" type="stmt" count="0"/>
      <metrics loc="18" ncloc="9" classes="1" methods="1" coveredmethods="0" conditionals="0" coveredconditionals="0" statements="2" coveredstatements="0" elements="3" coveredelements="0"/>
    </file>
    <file name="C:\xampp\htdocs\COMP4711-assignment-1\HaloAccessories\application\models/Category.php">
      <class name="Category" namespace="global">
        <metrics complexity="9" methods="3" coveredmethods="0" conditionals="0" coveredconditionals="0" statements="18" coveredstatements="0" elements="21" coveredelements="0"/>
      </class>
      <line num="13" type="method" name="setId" visibility="public" complexity="3" crap="12" count="0"/>
      <line num="14" type="stmt" count="0"/>
      <line num="15" type="stmt" count="0"/>
      <line num="16" type="stmt" count="0"/>
      <line num="17" type="stmt" count="0"/>
      <line num="18" type="stmt" count="0"/>
      <line num="19" type="stmt" count="0"/>
      <line num="23" type="method" name="setName" visibility="public" complexity="3" crap="12" count="0"/>
      <line num="24" type="stmt" count="0"/>
      <line num="25" type="stmt" count="0"/>
      <line num="26" type="stmt" count="0"/>
      <line num="27" type="stmt" count="0"/>
      <line num="28" type="stmt" count="0"/>
      <line num="29" type="stmt" count="0"/>
      <line num="33" type="method" name="setEquipment" visibility="public" complexity="3" crap="12" count="0"/>
      <line num="34" type="stmt" count="0"/>
      <line num="35" type="stmt" count="0"/>
      <line num="36" type="stmt" count="0"/>
      <line num="37" type="stmt" count="0"/>
      <line num="38" type="stmt" count="0"/>
      <line num="39" type="stmt" count="0"/>
      <metrics loc="41" ncloc="29" classes="1" methods="3" coveredmethods="0" conditionals="0" coveredconditionals="0" statements="18" coveredstatements="0" elements="21" coveredelements="0"/>
    </file>
    <file name="C:\xampp\htdocs\COMP4711-assignment-1\HaloAccessories\application\models/Equip.php">
      <class name="Equip" namespace="global">
        <metrics complexity="21" methods="8" coveredmethods="0" conditionals="0" coveredconditionals="0" statements="42" coveredstatements="0" elements="50" coveredelements="0"/>
      </class>
      <line num="23" type="method" name="setId" visibility="public" complexity="3" crap="12" count="0"/>
      <line num="24" type="stmt" count="0"/>
      <line num="25" type="stmt" count="0"/>
      <line num="26" type="stmt" count="0"/>
      <line num="27" type="stmt" count="0"/>
      <line num="28" type="stmt" count="0"/>
      <line num="29" type="stmt" count="0"/>
      <line num="33" type="method" name="setDesc" visibility="public" complexity="3" crap="12" count="0"/>
      <line num="34" type="stmt" count="0"/>
      <line num="35" type="stmt" count="0"/>
      <line num="36" type="stmt" count="0"/>
      <line num="37" type="stmt" count="0"/>
      <line num="38" type="stmt" count="0"/>
      <line num="39" type="stmt" count="0"/>
      <line num="43" type="method" name="setImage" visibility="public" complexity="3" crap="12" count="0"/>
      <line num="44" type="stmt" count="0"/>
      <line num="45" type="stmt" count="0"/>
      <line num="46" type="stmt" count="0"/>
      <line num="47" type="stmt" count="0"/>
      <line num="48" type="stmt" count="0"/>
      <line num="49" type="stmt" count="0"/>
      <line num="53" type="method" name="setProtection" visibility="public" complexity="2" crap="6" count="0"/>
      <line num="54" type="stmt" count="0"/>
      <line num="55" type="stmt" count="0"/>
      <line num="56" type="stmt" count="0"/>
      <line num="57" type="stmt" count="0"/>
      <line num="61" type="method" name="setSpeed" visibility="public" complexity="2" crap="6" count="0"/>
      <line num="62" type="stmt" count="0"/>
      <line num="63" type="stmt" count="0"/>
      <line num="64" type="stmt" count="0"/>
      <line num="65" type="stmt" count="0"/>
      <line num="69" type="method" name="setWeight" visibility="public" complexity="2" crap="6" count="0"/>
      <line num="70" type="stmt" count="0"/>
      <line num="71" type="stmt" count="0"/>
      <line num="72" type="stmt" count="0"/>
      <line num="73" type="stmt" count="0"/>
      <line num="77" type="method" name="setName" visibility="public" complexity="3" crap="12" count="0"/>
      <line num="78" type="stmt" count="0"/>
      <line num="79" type="stmt" count="0"/>
      <line num="80" type="stmt" count="0"/>
      <line num="81" type="stmt" count="0"/>
      <line num="82" type="stmt" count="0"/>
      <line num="83" type="stmt" count="0"/>
      <line num="87" type="method" name="setCategoryId" visibility="public" complexity="3" crap="12" count="0"/>
      <line num="88" type="stmt" count="0"/>
      <line num="89" type="stmt" count="0"/>
      <line num="90" type="stmt" count="0"/>
      <line num="91" type="stmt" count="0"/>
      <line num="92" type="stmt" count="0"/>
      <line num="93" type="stmt" count="0"/>
      <metrics loc="94" ncloc="62" classes="1" methods="8" coveredmethods="0" conditionals="0" coveredconditionals="0" statements="42" coveredstatements="0" elements="50" coveredelements="0"/>
    </file>
    <file name="C:\xampp\htdocs\COMP4711-assignment-1\HaloAccessories\application\models/Equipment.php">
      <class name="Equipment" namespace="global">
        <metrics complexity="1" methods="1" coveredmethods="0" conditionals="0" coveredconditionals="0" statements="2" coveredstatements="0" elements="3" coveredelements="0"/>
      </class>
      <line num="26" type="method" name="__construct" complexity="1" crap="2" count="0"/>
      <line num="28" type="stmt" count="0"/>
      <line num="29" type="stmt" count="0"/>
      <metrics loc="30" ncloc="11" classes="1" methods="1" coveredmethods="0" conditionals="0" coveredconditionals="0" statements="2" coveredstatements="0" elements="3" coveredelements="0"/>
    </file>
    <file name="C:\xampp\htdocs\COMP4711-assignment-1\HaloAccessories\application\models/Fruit.php">
      <class name="Fruit" namespace="global">
        <metrics complexity="10" methods="4" coveredmethods="0" conditionals="0" coveredconditionals="0" statements="21" coveredstatements="0" elements="25" coveredelements="0"/>
      </class>
      <line num="11" type="method" name="setId" visibility="public" complexity="2" crap="6" count="0"/>
      <line num="12" type="stmt" count="0"/>
      <line num="13" type="stmt" count="0"/>
      <line num="14" type="stmt" count="0"/>
      <line num="15" type="stmt" count="0"/>
      <line num="19" type="method" name="setName" visibility="public" complexity="3" crap="12" count="0"/>
      <line num="20" type="stmt" count="0"/>
      <line num="21" type="stmt" count="0"/>
      <line num="22" type="stmt" count="0"/>
      <line num="23" type="stmt" count="0"/>
      <line num="24" type="stmt" count="0"/>
      <line num="25" type="stmt" count="0"/>
      <line num="29" type="method" name="setColor" visibility="public" complexity="2" crap="6" count="0"/>
      <line num="30" type="stmt" count="0"/>
      <line num="31" type="stmt" count="0"/>
      <line num="32" type="stmt" count="0"/>
      <line num="33" type="stmt" count="0"/>
      <line num="34" type="stmt" count="0"/>
      <line num="38" type="method" name="setWeight" visibility="public" complexity="3" crap="12" count="0"/>
      <line num="39" type="stmt" count="0"/>
      <line num="40" type="stmt" count="0"/>
      <line num="41" type="stmt" count="0"/>
      <line num="42" type="stmt" count="0"/>
      <line num="43" type="stmt" count="0"/>
      <line num="44" type="stmt" count="0"/>
      <metrics loc="47" ncloc="39" classes="1" methods="4" coveredmethods="0" conditionals="0" coveredconditionals="0" statements="21" coveredstatements="0" elements="25" coveredelements="0"/>
    </file>
    <file name="C:\xampp\htdocs\COMP4711-assignment-1\HaloAccessories\application\models/Fruitbowl.php">
      <class name="Fruitbowl" namespace="global">
        <metrics complexity="2" methods="1" coveredmethods="0" conditionals="0" coveredconditionals="0" statements="3" coveredstatements="0" elements="4" coveredelements="0"/>
      </class>
      <line num="11" type="method" name="add" complexity="2" crap="6" count="0"/>
      <line num="12" type="stmt" count="0"/>
      <line num="13" type="stmt" count="0"/>
      <line num="14" type="stmt" count="0"/>
      <metrics loc="14" ncloc="7" classes="1" methods="1" coveredmethods="0" conditionals="0" coveredconditionals="0" statements="3" coveredstatements="0" elements="4" coveredelements="0"/>
    </file>
    <file name="C:\xampp\htdocs\COMP4711-assignment-1\HaloAccessories\application\models/Set.php">
      <class name="Set" namespace="global">
        <metrics complexity="22" methods="7" coveredmethods="0" conditionals="0" coveredconditionals="0" statements="44" coveredstatements="0" elements="51" coveredelements="0"/>
      </class>
      <line num="21" type="method" name="setId" visibility="public" complexity="4" crap="20" count="0"/>
      <line num="22" type="stmt" count="0"/>
      <line num="23" type="stmt" count="0"/>
      <line num="24" type="stmt" count="0"/>
      <line num="25" type="stmt" count="0"/>
      <line num="26" type="stmt" count="0"/>
      <line num="27" type="stmt" count="0"/>
      <line num="28" type="stmt" count="0"/>
      <line num="29" type="stmt" count="0"/>
      <line num="33" type="method" name="setName" visibility="public" complexity="3" crap="12" count="0"/>
      <line num="34" type="stmt" count="0"/>
      <line num="35" type="stmt" count="0"/>
      <line num="36" type="stmt" count="0"/>
      <line num="37" type="stmt" count="0"/>
      <line num="38" type="stmt" count="0"/>
      <line num="39" type="stmt" count="0"/>
      <line num="43" type="method" name="setHelmet" visibility="public" complexity="3" crap="12" count="0"/>
      <line num="44" type="stmt" count="0"/>
      <line num="45" type="stmt" count="0"/>
      <line num="46" type="stmt" count="0"/>
      <line num="47" type="stmt" count="0"/>
      <line num="48" type="stmt" count="0"/>
      <line num="49" type="stmt" count="0"/>
      <line num="53" type="method" name="setChest" visibility="public" complexity="3" crap="12" count="0"/>
      <line num="54" type="stmt" count="0"/>
      <line num="55" type="stmt" count="0"/>
      <line num="56" type="stmt" count="0"/>
      <line num="57" type="stmt" count="0"/>
      <line num="58" type="stmt" count="0"/>
      <line num="59" type="stmt" count="0"/>
      <line num="63" type="method" name="setShoulder_left" visibility="public" complexity="3" crap="12" count="0"/>
      <line num="64" type="stmt" count="0"/>
      <line num="65" type="stmt" count="0"/>
      <line num="66" type="stmt" count="0"/>
      <line num="67" type="stmt" count="0"/>
      <line num="68" type="stmt" count="0"/>
      <line num="69" type="stmt" count="0"/>
      <line num="73" type="method" name="setShoulder_right" visibility="public" complexity="3" crap="12" count="0"/>
      <line num="74" type="stmt" count="0"/>
      <line num="75" type="stmt" count="0"/>
      <line num="76" type="stmt" count="0"/>
      <line num="77" type="stmt" count="0"/>
      <line num="78" type="stmt" count="0"/>
      <line num="79" type="stmt" count="0"/>
      <line num="83" type="method" name="setWrist" visibility="public" complexity="3" crap="12" count="0"/>
      <line num="84" type="stmt" count="0"/>
      <line num="85" type="stmt" count="0"/>
      <line num="86" type="stmt" count="0"/>
      <line num="87" type="stmt" count="0"/>
      <line num="88" type="stmt" count="0"/>
      <line num="89" type="stmt" count="0"/>
      <metrics loc="90" ncloc="62" classes="1" methods="7" coveredmethods="0" conditionals="0" coveredconditionals="0" statements="44" coveredstatements="0" elements="51" coveredelements="0"/>
    </file>
    <file name="C:\xampp\htdocs\COMP4711-assignment-1\HaloAccessories\application\models/Sets.php">
      <class name="Sets" namespace="global">
        <metrics complexity="4" methods="2" coveredmethods="0" conditionals="0" coveredconditionals="0" statements="9" coveredstatements="0" elements="11" coveredelements="0"/>
      </class>
      <line num="23" type="method" name="__construct" complexity="1" crap="2" count="0"/>
      <line num="25" type="stmt" count="0"/>
      <line num="26" type="stmt" count="0"/>
      <line num="28" type="method" name="store" visibility="protected" complexity="3" crap="12" count="0"/>
      <line num="31" type="stmt" count="0"/>
      <line num="33" type="stmt" count="0"/>
      <line num="35" type="stmt" count="0"/>
      <line num="36" type="stmt" count="0"/>
      <line num="37" type="stmt" count="0"/>
      <line num="38" type="stmt" count="0"/>
      <line num="41" type="stmt" count="0"/>
      <metrics loc="41" ncloc="18" classes="1" methods="2" coveredmethods="0" conditionals="0" coveredconditionals="0" statements="9" coveredstatements="0" elements="11" coveredelements="0"/>
    </file>
    <file name="C:\xampp\htdocs\COMP4711-assignment-1\HaloAccessories\application\models/Task.php">
      <class name="Task" namespace="global">
        <metrics complexity="15" methods="4" coveredmethods="4" conditionals="0" coveredconditionals="0" statements="30" coveredstatements="30" elements="34" coveredelements="34"/>
      </class>
      <line num="10" type="method" name="setTask" visibility="public" complexity="3" crap="3" count="16"/>
      <line num="11" type="stmt" count="16"/>
      <line num="12" type="stmt" count="1"/>
      <line num="13" type="stmt" count="16"/>
      <line num="14" type="stmt" count="1"/>
      <line num="15" type="stmt" count="16"/>
      <line num="16" type="stmt" count="16"/>
      <line num="20" type="method" name="setPriority" visibility="public" complexity="4" crap="4" count="16"/>
      <line num="21" type="stmt" count="16"/>
      <line num="22" type="stmt" count="1"/>
      <line num="23" type="stmt" count="16"/>
      <line num="24" type="stmt" count="1"/>
      <line num="25" type="stmt" count="16"/>
      <line num="26" type="stmt" count="1"/>
      <line num="27" type="stmt" count="16"/>
      <line num="28" type="stmt" count="16"/>
      <line num="32" type="method" name="setSize" visibility="public" complexity="4" crap="4" count="16"/>
      <line num="33" type="stmt" count="16"/>
      <line num="34" type="stmt" count="1"/>
      <line num="35" type="stmt" count="16"/>
      <line num="36" type="stmt" count="1"/>
      <line num="37" type="stmt" count="16"/>
      <line num="38" type="stmt" count="1"/>
      <line num="39" type="stmt" count="16"/>
      <line num="40" type="stmt" count="16"/>
      <line num="44" type="method" name="setGroup" visibility="public" complexity="4" crap="4" count="16"/>
      <line num="45" type="stmt" count="16"/>
      <line num="46" type="stmt" count="1"/>
      <line num="47" type="stmt" count="16"/>
      <line num="48" type="stmt" count="1"/>
      <line num="49" type="stmt" count="16"/>
      <line num="50" type="stmt" count="1"/>
      <line num="51" type="stmt" count="16"/>
      <line num="52" type="stmt" count="16"/>
      <metrics loc="56" ncloc="48" classes="1" methods="4" coveredmethods="4" conditionals="0" coveredconditionals="0" statements="30" coveredstatements="30" elements="34" coveredelements="34"/>
    </file>
    <file name="C:\xampp\htdocs\COMP4711-assignment-1\HaloAccessories\application\models/Tasks.php">
      <class name="Tasks" namespace="global">
        <metrics complexity="15" methods="5" coveredmethods="2" conditionals="0" coveredconditionals="0" statements="49" coveredstatements="18" elements="54" coveredelements="20"/>
      </class>
      <line num="12" type="method" name="__construct" visibility="public" complexity="1" crap="1" count="1"/>
      <line num="14" type="stmt" count="1"/>
      <line num="15" type="stmt" count="1"/>
      <line num="16" type="stmt" count="1"/>
      <line num="18" type="method" name="getCategorizedTasks" complexity="5" crap="30" count="0"/>
      <line num="21" type="stmt" count="0"/>
      <line num="23" type="stmt" count="0"/>
      <line num="24" type="stmt" count="0"/>
      <line num="28" type="stmt" count="0"/>
      <line num="29" type="stmt" count="0"/>
      <line num="32" type="stmt" count="0"/>
      <line num="35" type="stmt" count="0"/>
      <line num="36" type="stmt" count="0"/>
      <line num="38" type="stmt" count="0"/>
      <line num="42" type="method" name="rules" visibility="public" complexity="1" crap="2" count="0"/>
      <line num="45" type="stmt" count="0"/>
      <line num="50" type="stmt" count="0"/>
      <line num="54" type="method" name="load" visibility="protected" complexity="3" crap="3" count="1"/>
      <line num="56" type="stmt" count="1"/>
      <line num="57" type="stmt" count="1"/>
      <line num="59" type="stmt" count="1"/>
      <line num="61" type="stmt" count="1"/>
      <line num="62" type="stmt" count="1"/>
      <line num="63" type="stmt" count="1"/>
      <line num="64" type="stmt" count="1"/>
      <line num="65" type="stmt" count="1"/>
      <line num="66" type="stmt" count="1"/>
      <line num="67" type="stmt" count="1"/>
      <line num="68" type="stmt" count="1"/>
      <line num="69" type="stmt" count="1"/>
      <line num="70" type="stmt" count="1"/>
      <line num="73" type="stmt" count="1"/>
      <line num="74" type="stmt" count="1"/>
      <line num="77" type="method" name="store" visibility="protected" complexity="5" crap="30" count="0"/>
      <line num="78" type="stmt" count="0"/>
      <line num="80" type="stmt" count="0"/>
      <line num="82" type="stmt" count="0"/>
      <line num="83" type="stmt" count="0"/>
      <line num="85" type="stmt" count="0"/>
      <line num="87" type="stmt" count="0"/>
      <line num="90" type="stmt" count="0"/>
      <line num="91" type="stmt" count="0"/>
      <line num="92" type="stmt" count="0"/>
      <line num="93" type="stmt" count="0"/>
      <line num="94" type="stmt" count="0"/>
      <line num="96" type="stmt" count="0"/>
      <line num="97" type="stmt" count="0"/>
      <line num="98" type="stmt" count="0"/>
      <line num="99" type="stmt" count="0"/>
      <line num="101" type="stmt" count="0"/>
      <line num="103" type="stmt" count="0"/>
      <line num="104" type="stmt" count="0"/>
      <line num="105" type="stmt" count="0"/>
      <line num="106" type="stmt" count="0"/>
      <line num="112" type="stmt" count="0"/>
      <line num="113" type="stmt" count="0"/>
      <line num="114" type="stmt" count="0"/>
      <line num="115" type="stmt" count="0"/>
      <line num="117" type="stmt" count="0"/>
      <metrics loc="119" ncloc="98" classes="1" methods="5" coveredmethods="2" conditionals="0" coveredconditionals="0" statements="54" coveredstatements="18" elements="59" coveredelements="20"/>
    </file>
    <metrics files="11" loc="623" ncloc="443" classes="11" methods="42" coveredmethods="6" conditionals="0" coveredconditionals="0" statements="242" coveredstatements="48" elements="284" coveredelements="54"/>
  </project>
</coverage>
